[0m05:38:14.618113 [debug] [MainThread]: Sending event: {'category': 'dbt', 'action': 'invocation', 'label': 'start', 'context': [<snowplow_tracker.self_describing_json.SelfDescribingJson object at 0x7f151c465f90>, <snowplow_tracker.self_describing_json.SelfDescribingJson object at 0x7f151cab2e30>, <snowplow_tracker.self_describing_json.SelfDescribingJson object at 0x7f151cab2dd0>]}


============================== 05:38:14.622950 | d1f84f71-ec48-4bca-adf5-9430906de296 ==============================
[0m05:38:14.622950 [info ] [MainThread]: Running with dbt=1.6.1
[0m05:38:14.623587 [debug] [MainThread]: running dbt with arguments {'printer_width': '80', 'indirect_selection': 'eager', 'write_json': 'True', 'log_cache_events': 'False', 'partial_parse': 'True', 'cache_selected_only': 'False', 'warn_error': 'None', 'fail_fast': 'False', 'debug': 'False', 'log_path': 'logs', 'version_check': 'True', 'profiles_dir': '/home/vscode/.dbt', 'use_colors': 'True', 'use_experimental_parser': 'False', 'no_print': 'None', 'quiet': 'False', 'warn_error_options': 'WarnErrorOptions(include=[], exclude=[])', 'introspect': 'True', 'log_format': 'default', 'static_parser': 'True', 'target_path': 'None', 'invocation_command': 'dbt init', 'send_anonymous_usage_stats': 'True'}
[0m05:38:29.194438 [debug] [MainThread]: Starter project path: /home/vscode/.local/lib/python3.10/site-packages/dbt/include/starter_project
[0m05:38:29.212219 [info ] [MainThread]: 
Your new dbt project "nyc_parking_violations" was created!

For more information on how to configure the profiles.yml file,
please consult the dbt documentation here:

  https://docs.getdbt.com/docs/configure-your-profile

One more thing:

Need help? Don't hesitate to reach out to us via GitHub issues or on Slack:

  https://community.getdbt.com/

Happy modeling!

[0m05:38:29.212803 [info ] [MainThread]: Setting up your profile.
[0m05:38:42.431353 [info ] [MainThread]: No sample profile found for duckdb.
[0m05:38:42.432310 [debug] [MainThread]: Command `dbt init` succeeded at 05:38:42.432180 after 27.82 seconds
[0m05:38:42.432751 [debug] [MainThread]: Sending event: {'category': 'dbt', 'action': 'invocation', 'label': 'end', 'context': [<snowplow_tracker.self_describing_json.SelfDescribingJson object at 0x7f151c465f90>, <snowplow_tracker.self_describing_json.SelfDescribingJson object at 0x7f151e787c10>, <snowplow_tracker.self_describing_json.SelfDescribingJson object at 0x7f151a287bb0>]}
[0m05:38:42.433250 [debug] [MainThread]: Flushing usage events
[0m02:04:26.814182 [debug] [MainThread]: Sending event: {'category': 'dbt', 'action': 'invocation', 'label': 'start', 'context': [<snowplow_tracker.self_describing_json.SelfDescribingJson object at 0x7fce0e3d1f90>, <snowplow_tracker.self_describing_json.SelfDescribingJson object at 0x7fce0e9f6e30>, <snowplow_tracker.self_describing_json.SelfDescribingJson object at 0x7fce0e9f6d40>]}


============================== 02:04:26.819187 | 452cd1fc-abc8-4974-9ba4-10c344516a06 ==============================
[0m02:04:26.819187 [info ] [MainThread]: Running with dbt=1.6.1
[0m02:04:26.819939 [debug] [MainThread]: running dbt with arguments {'printer_width': '80', 'indirect_selection': 'eager', 'log_cache_events': 'False', 'write_json': 'True', 'partial_parse': 'True', 'cache_selected_only': 'False', 'profiles_dir': '/home/vscode/.dbt', 'version_check': 'True', 'warn_error': 'None', 'log_path': 'logs', 'fail_fast': 'False', 'debug': 'False', 'use_colors': 'True', 'use_experimental_parser': 'False', 'no_print': 'None', 'quiet': 'False', 'warn_error_options': 'WarnErrorOptions(include=[], exclude=[])', 'invocation_command': 'dbt debug', 'static_parser': 'True', 'log_format': 'default', 'target_path': 'None', 'introspect': 'True', 'send_anonymous_usage_stats': 'True'}
[0m02:04:26.820509 [info ] [MainThread]: dbt version: 1.6.1
[0m02:04:26.821002 [info ] [MainThread]: python version: 3.10.12
[0m02:04:26.821514 [info ] [MainThread]: python path: /usr/local/bin/python
[0m02:04:26.822001 [info ] [MainThread]: os info: Linux-6.2.0-1019-azure-x86_64-with-glibc2.31
[0m02:04:26.822519 [info ] [MainThread]: Using profiles dir at /home/vscode/.dbt
[0m02:04:26.823174 [info ] [MainThread]: Using profiles.yml file at /home/vscode/.dbt/profiles.yml
[0m02:04:26.823665 [info ] [MainThread]: Using dbt_project.yml file at /workspaces/dbtLearning/dbt_project.yml
[0m02:04:26.824215 [info ] [MainThread]: Configuration:
[0m02:04:26.824805 [info ] [MainThread]:   profiles.yml file [[31mERROR not found[0m]
[0m02:04:26.825396 [info ] [MainThread]:   dbt_project.yml file [[31mERROR not found[0m]
[0m02:04:26.825931 [info ] [MainThread]: Required dependencies:
[0m02:04:26.826775 [debug] [MainThread]: Executing "git --help"
[0m02:04:26.832645 [debug] [MainThread]: STDOUT: "b"usage: git [-v | --version] [-h | --help] [-C <path>] [-c <name>=<value>]\n           [--exec-path[=<path>]] [--html-path] [--man-path] [--info-path]\n           [-p | --paginate | -P | --no-pager] [--no-replace-objects] [--bare]\n           [--git-dir=<path>] [--work-tree=<path>] [--namespace=<name>]\n           [--config-env=<name>=<envvar>] <command> [<args>]\n\nThese are common Git commands used in various situations:\n\nstart a working area (see also: git help tutorial)\n   clone     Clone a repository into a new directory\n   init      Create an empty Git repository or reinitialize an existing one\n\nwork on the current change (see also: git help everyday)\n   add       Add file contents to the index\n   mv        Move or rename a file, a directory, or a symlink\n   restore   Restore working tree files\n   rm        Remove files from the working tree and from the index\n\nexamine the history and state (see also: git help revisions)\n   bisect    Use binary search to find the commit that introduced a bug\n   diff      Show changes between commits, commit and working tree, etc\n   grep      Print lines matching a pattern\n   log       Show commit logs\n   show      Show various types of objects\n   status    Show the working tree status\n\ngrow, mark and tweak your common history\n   branch    List, create, or delete branches\n   commit    Record changes to the repository\n   merge     Join two or more development histories together\n   rebase    Reapply commits on top of another base tip\n   reset     Reset current HEAD to the specified state\n   switch    Switch branches\n   tag       Create, list, delete or verify a tag object signed with GPG\n\ncollaborate (see also: git help workflows)\n   fetch     Download objects and refs from another repository\n   pull      Fetch from and integrate with another repository or a local branch\n   push      Update remote refs along with associated objects\n\n'git help -a' and 'git help -g' list available subcommands and some\nconcept guides. See 'git help <command>' or 'git help <concept>'\nto read about a specific subcommand or concept.\nSee 'git help git' for an overview of the system.\n""
[0m02:04:26.833107 [debug] [MainThread]: STDERR: "b''"
[0m02:04:26.833548 [info ] [MainThread]:  - git [[32mOK found[0m]

[0m02:04:26.834023 [info ] [MainThread]: Connection test skipped since no profile was found
[0m02:04:26.834509 [info ] [MainThread]: [31m2 checks failed:[0m
[0m02:04:26.834968 [info ] [MainThread]: dbt looked for a profiles.yml file in /home/vscode/.dbt/profiles.yml, but did
not find one. For more information on configuring your profile, consult the
documentation:

https://docs.getdbt.com/docs/configure-your-profile


[0m02:04:26.835426 [info ] [MainThread]: Project loading failed for the following reason:
 project path </workspaces/dbtLearning/dbt_project.yml> not found

[0m02:04:26.836074 [debug] [MainThread]: Command `dbt debug` failed at 02:04:26.835965 after 0.03 seconds
[0m02:04:26.836491 [debug] [MainThread]: Sending event: {'category': 'dbt', 'action': 'invocation', 'label': 'end', 'context': [<snowplow_tracker.self_describing_json.SelfDescribingJson object at 0x7fce0e3d1f90>, <snowplow_tracker.self_describing_json.SelfDescribingJson object at 0x7fce0c243b50>, <snowplow_tracker.self_describing_json.SelfDescribingJson object at 0x7fce0c243af0>]}
[0m02:04:26.836935 [debug] [MainThread]: Flushing usage events
[0m03:57:10.359271 [debug] [MainThread]: Sending event: {'category': 'dbt', 'action': 'invocation', 'label': 'start', 'context': [<snowplow_tracker.self_describing_json.SelfDescribingJson object at 0x7f7abae51f60>, <snowplow_tracker.self_describing_json.SelfDescribingJson object at 0x7f7abb49ae60>, <snowplow_tracker.self_describing_json.SelfDescribingJson object at 0x7f7abb49ad70>]}


============================== 03:57:10.364332 | de55aa95-4888-4850-99ff-be8b3862e6f2 ==============================
[0m03:57:10.364332 [info ] [MainThread]: Running with dbt=1.6.1
[0m03:57:10.364990 [debug] [MainThread]: running dbt with arguments {'printer_width': '80', 'indirect_selection': 'eager', 'log_cache_events': 'False', 'write_json': 'True', 'partial_parse': 'True', 'cache_selected_only': 'False', 'profiles_dir': '/home/vscode/.dbt', 'version_check': 'True', 'warn_error': 'None', 'log_path': 'logs', 'fail_fast': 'False', 'debug': 'False', 'use_colors': 'True', 'use_experimental_parser': 'False', 'no_print': 'None', 'quiet': 'False', 'warn_error_options': 'WarnErrorOptions(include=[], exclude=[])', 'introspect': 'True', 'static_parser': 'True', 'invocation_command': 'dbt debug', 'target_path': 'None', 'log_format': 'default', 'send_anonymous_usage_stats': 'True'}
[0m03:57:10.365527 [info ] [MainThread]: dbt version: 1.6.1
[0m03:57:10.365975 [info ] [MainThread]: python version: 3.10.12
[0m03:57:10.366462 [info ] [MainThread]: python path: /usr/local/bin/python
[0m03:57:10.366913 [info ] [MainThread]: os info: Linux-6.2.0-1019-azure-x86_64-with-glibc2.31
[0m03:57:10.367396 [info ] [MainThread]: Using profiles dir at /home/vscode/.dbt
[0m03:57:10.367847 [info ] [MainThread]: Using profiles.yml file at /home/vscode/.dbt/profiles.yml
[0m03:57:10.368294 [info ] [MainThread]: Using dbt_project.yml file at /workspaces/dbtLearning/dbt_project.yml
[0m03:57:10.368757 [info ] [MainThread]: Configuration:
[0m03:57:10.369195 [info ] [MainThread]:   profiles.yml file [[31mERROR not found[0m]
[0m03:57:10.369679 [info ] [MainThread]:   dbt_project.yml file [[31mERROR not found[0m]
[0m03:57:10.370245 [info ] [MainThread]: Required dependencies:
[0m03:57:10.370787 [debug] [MainThread]: Executing "git --help"
[0m03:57:10.376651 [debug] [MainThread]: STDOUT: "b"usage: git [-v | --version] [-h | --help] [-C <path>] [-c <name>=<value>]\n           [--exec-path[=<path>]] [--html-path] [--man-path] [--info-path]\n           [-p | --paginate | -P | --no-pager] [--no-replace-objects] [--bare]\n           [--git-dir=<path>] [--work-tree=<path>] [--namespace=<name>]\n           [--config-env=<name>=<envvar>] <command> [<args>]\n\nThese are common Git commands used in various situations:\n\nstart a working area (see also: git help tutorial)\n   clone     Clone a repository into a new directory\n   init      Create an empty Git repository or reinitialize an existing one\n\nwork on the current change (see also: git help everyday)\n   add       Add file contents to the index\n   mv        Move or rename a file, a directory, or a symlink\n   restore   Restore working tree files\n   rm        Remove files from the working tree and from the index\n\nexamine the history and state (see also: git help revisions)\n   bisect    Use binary search to find the commit that introduced a bug\n   diff      Show changes between commits, commit and working tree, etc\n   grep      Print lines matching a pattern\n   log       Show commit logs\n   show      Show various types of objects\n   status    Show the working tree status\n\ngrow, mark and tweak your common history\n   branch    List, create, or delete branches\n   commit    Record changes to the repository\n   merge     Join two or more development histories together\n   rebase    Reapply commits on top of another base tip\n   reset     Reset current HEAD to the specified state\n   switch    Switch branches\n   tag       Create, list, delete or verify a tag object signed with GPG\n\ncollaborate (see also: git help workflows)\n   fetch     Download objects and refs from another repository\n   pull      Fetch from and integrate with another repository or a local branch\n   push      Update remote refs along with associated objects\n\n'git help -a' and 'git help -g' list available subcommands and some\nconcept guides. See 'git help <command>' or 'git help <concept>'\nto read about a specific subcommand or concept.\nSee 'git help git' for an overview of the system.\n""
[0m03:57:10.377345 [debug] [MainThread]: STDERR: "b''"
[0m03:57:10.377755 [info ] [MainThread]:  - git [[32mOK found[0m]

[0m03:57:10.378222 [info ] [MainThread]: Connection test skipped since no profile was found
[0m03:57:10.378820 [info ] [MainThread]: [31m2 checks failed:[0m
[0m03:57:10.379281 [info ] [MainThread]: dbt looked for a profiles.yml file in /home/vscode/.dbt/profiles.yml, but did
not find one. For more information on configuring your profile, consult the
documentation:

https://docs.getdbt.com/docs/configure-your-profile


[0m03:57:10.379737 [info ] [MainThread]: Project loading failed for the following reason:
 project path </workspaces/dbtLearning/dbt_project.yml> not found

[0m03:57:10.380392 [debug] [MainThread]: Command `dbt debug` failed at 03:57:10.380279 after 0.03 seconds
[0m03:57:10.380811 [debug] [MainThread]: Sending event: {'category': 'dbt', 'action': 'invocation', 'label': 'end', 'context': [<snowplow_tracker.self_describing_json.SelfDescribingJson object at 0x7f7abae51f60>, <snowplow_tracker.self_describing_json.SelfDescribingJson object at 0x7f7ab8c73b50>, <snowplow_tracker.self_describing_json.SelfDescribingJson object at 0x7f7ab8c73af0>]}
[0m03:57:10.381255 [debug] [MainThread]: Flushing usage events
